\BOOKMARK [1][-]{section.1}{Introduction}{}% 1
\BOOKMARK [1][-]{section.2}{How to construct a manual tour}{}% 2
\BOOKMARK [2][-]{subsection.2.1}{Existing methods}{section.2}% 3
\BOOKMARK [2][-]{subsection.2.2}{A new simpler and broadly applicable approach}{section.2}% 4
\BOOKMARK [3][-]{subsubsection.2.2.1}{Algorithm}{subsection.2.2}% 5
\BOOKMARK [2][-]{subsection.2.3}{Refinements to enforce exact position}{section.2}% 6
\BOOKMARK [2][-]{subsection.2.4}{Manual control for slices}{section.2}% 7
\BOOKMARK [3][-]{subsubsection.2.4.1}{Shifting the center}{subsection.2.4}% 8
\BOOKMARK [3][-]{subsubsection.2.4.2}{Changing the thickness}{subsection.2.4}% 9
\BOOKMARK [1][-]{section.3}{Software}{}% 10
\BOOKMARK [2][-]{subsection.3.1}{Mathematica package}{section.3}% 11
\BOOKMARK [2][-]{subsection.3.2}{Extensions to the R package tourr}{section.3}% 12
\BOOKMARK [1][-]{section.4}{Application}{}% 13
\BOOKMARK [2][-]{subsection.4.1}{Constructing the 4D prediction regions}{section.4}% 14
\BOOKMARK [2][-]{subsection.4.2}{Exploring projections manually}{section.4}% 15
\BOOKMARK [2][-]{subsection.4.3}{Slicing through the center}{section.4}% 16
\BOOKMARK [2][-]{subsection.4.4}{Shifting the slice center}{section.4}% 17
\BOOKMARK [1][-]{section.5}{Discussion}{}% 18
\BOOKMARK [1][-]{section*.1}{Acknowledgements}{}% 19
\BOOKMARK [1][-]{section*.2}{Supplementary material}{}% 20
